PS C:\Users\eddyayuk\OneDrive - Intel Corporation\Desktop\Projects\FIST> & "C:/Users/eddyayuk/My Programs/SQLPathFinder3/Python3/python.exe" "c:/Users/eddyayuk/OneDrive - Intel Corporation/Desktop/Projects/CERT_LOT/test111.py"
Loading data...
✓ LineView loaded: 4332 operations
✓ CEID data loaded: 296 CEIDs
Traceback (most recent call last):
  File "C:\Users\eddyayuk\My Programs\SQLPathFinder3\Python3\lib\site-packages\pandas\core\indexes\base.py", line 3802, in get_loc
    return self._engine.get_loc(casted_key)
  File "pandas\_libs\index.pyx", line 138, in pandas._libs.index.IndexEngine.get_loc
  File "pandas\_libs\index.pyx", line 165, in pandas._libs.index.IndexEngine.get_loc
  File "pandas\_libs\hashtable_class_helper.pxi", line 5745, in pandas._libs.hashtable.PyObjectHashTable.get_item
  File "pandas\_libs\hashtable_class_helper.pxi", line 5753, in pandas._libs.hashtable.PyObjectHashTable.get_item
KeyError: 'INV_PROD'

The above exception was the direct cause of the following exception:

Traceback (most recent call last):
  File "c:\Users\eddyayuk\OneDrive - Intel Corporation\Desktop\Projects\CERT_LOT\test111.py", line 22, in <module>
    df_filtered = df_merged[df_merged['INV_PROD'] > MIN_INV_PROD].copy()
  File "C:\Users\eddyayuk\My Programs\SQLPathFinder3\Python3\lib\site-packages\pandas\core\frame.py", line 3807, in __getitem__
    indexer = self.columns.get_loc(key)
  File "C:\Users\eddyayuk\My Programs\SQLPathFinder3\Python3\lib\site-packages\pandas\core\indexes\base.py", line 3804, in get_loc
    raise KeyError(key) from err
KeyError: 'INV_PROD'
PS C:\Users\eddyayuk\OneDrive - Intel Corporation\Desktop\Projects\FIST>
